\BOOKMARK [0][-]{chapter.1}{\376\377\137\025\121\145}{}% 1
\BOOKMARK [0][-]{chapter.2}{\376\377\000M\000a\000k\000e\000f\000i\000l\000e}{}% 2
\BOOKMARK [1][-]{section.2.1}{\376\377\116\000\116\052\171\072\117\213}{chapter.2}% 3
\BOOKMARK [1][-]{section.2.2}{\376\377\000m\000a\000k\000e\146\057\131\202\117\125\135\345\117\134\166\204}{chapter.2}% 4
\BOOKMARK [1][-]{section.2.3}{\376\377\000m\000a\000k\000e\000f\000i\000l\000e\116\055\117\177\165\050\123\330\221\317}{chapter.2}% 5
\BOOKMARK [1][-]{section.2.4}{\376\377\213\251\000m\000a\000k\000e\201\352\122\250\143\250\133\374}{chapter.2}% 6
\BOOKMARK [1][-]{section.2.5}{\376\377\156\005\172\172\166\356\150\007\145\207\116\366\166\204\211\304\122\031}{chapter.2}% 7
\BOOKMARK [1][-]{section.2.6}{\376\377\000M\000a\000k\000e\000f\000i\000l\000e\166\204\145\207\116\366\124\015}{chapter.2}% 8
\BOOKMARK [1][-]{section.2.7}{\376\377\117\177\165\050\123\330\221\317}{chapter.2}% 9
\BOOKMARK [0][-]{chapter.3}{\376\377\000l\000i\000n\000u\000x\000.\000s\000h\213\355\154\325}{}% 10
\BOOKMARK [1][-]{section.3.1}{\376\377\137\000\131\064}{chapter.3}% 11
\BOOKMARK [1][-]{section.3.2}{\376\377\154\350\221\312}{chapter.3}% 12
\BOOKMARK [1][-]{section.3.3}{\376\377\123\330\221\317}{chapter.3}% 13
\BOOKMARK [1][-]{section.3.4}{\376\377\163\257\130\203\123\330\221\317}{chapter.3}% 14
\BOOKMARK [1][-]{section.3.5}{\376\377\000S\000h\000e\000l\000l\124\175\116\344\124\214\155\101\172\013\143\247\122\066}{chapter.3}% 15
\BOOKMARK [0][-]{chapter.4}{\376\377\000M\000e\000t\000h\000o\000d\000s}{}% 16
\BOOKMARK [0][-]{chapter.5}{\376\377\000A\000p\000p\000l\000i\000c\000a\000t\000i\000o\000n\000s}{}% 17
\BOOKMARK [1][-]{section.5.1}{\376\377\000E\000x\000a\000m\000p\000l\000e\000\040\000o\000n\000e}{chapter.5}% 18
\BOOKMARK [1][-]{section.5.2}{\376\377\000E\000x\000a\000m\000p\000l\000e\000\040\000t\000w\000o}{chapter.5}% 19
\BOOKMARK [0][-]{chapter.6}{\376\377\000F\000i\000n\000a\000l\000\040\000W\000o\000r\000d\000s}{}% 20
